# JRE version: OpenJDK Runtime Environment (11.0.8+10) (build 11.0.8+10-post-Ubuntu-0ubuntu120.04)
# Java VM: OpenJDK 64-Bit Server VM (11.0.8+10-post-Ubuntu-0ubuntu120.04, mixed mode, sharing, tiered, compressed oops, g1 gc, linux-amd64)
Heap:
 garbage-first heap   total 194560K, used 154931K [0x00000000c4a00000, 0x0000000100000000)
  region size 1024K, 82 young (83968K), 2 survivors (2048K)
 Metaspace       used 54515K, capacity 67385K, committed 67608K, reserved 1101824K
  class space    used 10839K, capacity 14583K, committed 14696K, reserved 1048576K
GC Heap History (20 events):
Event: 462.112 GC heap before
{Heap before GC invocations=137 (full 0):
 garbage-first heap   total 194560K, used 177318K [0x00000000c4a00000, 0x0000000100000000)
  region size 1024K, 102 young (104448K), 1 survivors (1024K)
 Metaspace       used 54490K, capacity 67361K, committed 67608K, reserved 1101824K
  class space    used 10837K, capacity 14579K, committed 14696K, reserved 1048576K
}
Event: 462.114 GC heap after
{Heap after GC invocations=138 (full 0):
 garbage-first heap   total 194560K, used 67702K [0x00000000c4a00000, 0x0000000100000000)
  region size 1024K, 1 young (1024K), 1 survivors (1024K)
 Metaspace       used 54490K, capacity 67361K, committed 67608K, reserved 1101824K
  class space    used 10837K, capacity 14579K, committed 14696K, reserved 1048576K
}
Event: 498.127 GC heap before
{Heap before GC invocations=138 (full 0):
 garbage-first heap   total 194560K, used 171126K [0x00000000c4a00000, 0x0000000100000000)
  region size 1024K, 102 young (104448K), 1 survivors (1024K)
 Metaspace       used 54498K, capacity 67371K, committed 67608K, reserved 1101824K
  class space    used 10838K, capacity 14581K, committed 14696K, reserved 1048576K
}
Event: 498.128 GC heap after
{Heap after GC invocations=139 (full 0):
 garbage-first heap   total 194560K, used 67789K [0x00000000c4a00000, 0x0000000100000000)
  region size 1024K, 1 young (1024K), 1 survivors (1024K)
 Metaspace       used 54498K, capacity 67371K, committed 67608K, reserved 1101824K
  class space    used 10838K, capacity 14581K, committed 14696K, reserved 1048576K
}
Event: 518.928 GC heap before
{Heap before GC invocations=139 (full 0):
 garbage-first heap   total 194560K, used 175309K [0x00000000c4a00000, 0x0000000100000000)
  region size 1024K, 102 young (104448K), 1 survivors (1024K)
 Metaspace       used 54504K, capacity 67381K, committed 67608K, reserved 1101824K
  class space    used 10839K, capacity 14583K, committed 14696K, reserved 1048576K
}
Event: 518.932 GC heap after
{Heap after GC invocations=140 (full 0):
 garbage-first heap   total 194560K, used 70646K [0x00000000c4a00000, 0x0000000100000000)
  region size 1024K, 1 young (1024K), 1 survivors (1024K)
 Metaspace       used 54504K, capacity 67381K, committed 67608K, reserved 1101824K
  class space    used 10839K, capacity 14583K, committed 14696K, reserved 1048576K
}
Event: 519.074 GC heap before
{Heap before GC invocations=140 (full 0):
 garbage-first heap   total 194560K, used 172022K [0x00000000c4a00000, 0x0000000100000000)
  region size 1024K, 100 young (102400K), 1 survivors (1024K)
 Metaspace       used 54504K, capacity 67381K, committed 67608K, reserved 1101824K
  class space    used 10839K, capacity 14583K, committed 14696K, reserved 1048576K
}
Event: 519.076 GC heap after
{Heap after GC invocations=141 (full 0):
 garbage-first heap   total 194560K, used 70357K [0x00000000c4a00000, 0x0000000100000000)
  region size 1024K, 1 young (1024K), 1 survivors (1024K)
 Metaspace       used 54504K, capacity 67381K, committed 67608K, reserved 1101824K
  class space    used 10839K, capacity 14583K, committed 14696K, reserved 1048576K
}
Event: 519.140 GC heap before
{Heap before GC invocations=141 (full 0):
 garbage-first heap   total 194560K, used 170709K [0x00000000c4a00000, 0x0000000100000000)
  region size 1024K, 99 young (101376K), 1 survivors (1024K)
 Metaspace       used 54504K, capacity 67381K, committed 67608K, reserved 1101824K
  class space    used 10839K, capacity 14583K, committed 14696K, reserved 1048576K
}
Event: 519.144 GC heap after
{Heap after GC invocations=142 (full 0):
 garbage-first heap   total 194560K, used 72266K [0x00000000c4a00000, 0x0000000100000000)
  region size 1024K, 3 young (3072K), 3 survivors (3072K)
 Metaspace       used 54504K, capacity 67381K, committed 67608K, reserved 1101824K
  class space    used 10839K, capacity 14583K, committed 14696K, reserved 1048576K
}
Event: 519.382 GC heap before
{Heap before GC invocations=142 (full 0):
 garbage-first heap   total 194560K, used 169546K [0x00000000c4a00000, 0x0000000100000000)
  region size 1024K, 98 young (100352K), 3 survivors (3072K)
 Metaspace       used 54505K, capacity 67381K, committed 67608K, reserved 1101824K
  class space    used 10839K, capacity 14583K, committed 14696K, reserved 1048576K
}
Event: 519.384 GC heap after
{Heap after GC invocations=143 (full 0):
 garbage-first heap   total 194560K, used 70712K [0x00000000c4a00000, 0x0000000100000000)
  region size 1024K, 1 young (1024K), 1 survivors (1024K)
 Metaspace       used 54505K, capacity 67381K, committed 67608K, reserved 1101824K
  class space    used 10839K, capacity 14583K, committed 14696K, reserved 1048576K
}
Event: 519.493 GC heap before
{Heap before GC invocations=143 (full 0):
 garbage-first heap   total 194560K, used 170040K [0x00000000c4a00000, 0x0000000100000000)
  region size 1024K, 98 young (100352K), 1 survivors (1024K)
 Metaspace       used 54505K, capacity 67381K, committed 67608K, reserved 1101824K
  class space    used 10839K, capacity 14583K, committed 14696K, reserved 1048576K
}
Event: 519.495 GC heap after
{Heap after GC invocations=144 (full 0):
 garbage-first heap   total 194560K, used 70626K [0x00000000c4a00000, 0x0000000100000000)
  region size 1024K, 1 young (1024K), 1 survivors (1024K)
 Metaspace       used 54505K, capacity 67381K, committed 67608K, reserved 1101824K
  class space    used 10839K, capacity 14583K, committed 14696K, reserved 1048576K
}
Event: 519.566 GC heap before
{Heap before GC invocations=144 (full 0):
 garbage-first heap   total 194560K, used 169954K [0x00000000c4a00000, 0x0000000100000000)
  region size 1024K, 98 young (100352K), 1 survivors (1024K)
 Metaspace       used 54506K, capacity 67381K, committed 67608K, reserved 1101824K
  class space    used 10839K, capacity 14583K, committed 14696K, reserved 1048576K
}
Event: 519.568 GC heap after
{Heap after GC invocations=145 (full 0):
 garbage-first heap   total 194560K, used 70533K [0x00000000c4a00000, 0x0000000100000000)
  region size 1024K, 1 young (1024K), 1 survivors (1024K)
 Metaspace       used 54506K, capacity 67381K, committed 67608K, reserved 1101824K
  class space    used 10839K, capacity 14583K, committed 14696K, reserved 1048576K
}
Event: 519.650 GC heap before
{Heap before GC invocations=145 (full 0):
 garbage-first heap   total 194560K, used 169861K [0x00000000c4a00000, 0x0000000100000000)
  region size 1024K, 98 young (100352K), 1 survivors (1024K)
 Metaspace       used 54507K, capacity 67381K, committed 67608K, reserved 1101824K
  class space    used 10839K, capacity 14583K, committed 14696K, reserved 1048576K
}
Event: 519.653 GC heap after
{Heap after GC invocations=146 (full 0):
 garbage-first heap   total 194560K, used 70764K [0x00000000c4a00000, 0x0000000100000000)
  region size 1024K, 2 young (2048K), 2 survivors (2048K)
 Metaspace       used 54507K, capacity 67381K, committed 67608K, reserved 1101824K
  class space    used 10839K, capacity 14583K, committed 14696K, reserved 1048576K
}
Event: 519.750 GC heap before
{Heap before GC invocations=146 (full 0):
 garbage-first heap   total 194560K, used 169068K [0x00000000c4a00000, 0x0000000100000000)
  region size 1024K, 98 young (100352K), 2 survivors (2048K)
 Metaspace       used 54507K, capacity 67381K, committed 67608K, reserved 1101824K
  class space    used 10839K, capacity 14583K, committed 14696K, reserved 1048576K
}
Event: 519.752 GC heap after
{Heap after GC invocations=147 (full 0):
 garbage-first heap   total 194560K, used 70963K [0x00000000c4a00000, 0x0000000100000000)
  region size 1024K, 2 young (2048K), 2 survivors (2048K)
 Metaspace       used 54507K, capacity 67381K, committed 67608K, reserved 1101824K
  class space    used 10839K, capacity 14583K, committed 14696K, reserved 1048576K
}

